2005-07-04 19:15:42,256 - ResourceManager : found sql/base/mysql/unique.vm with loader org.apache.velocity.runtime.resource.loader.ClasspathResourceLoader
2005-07-04 19:15:42,256 - ResourceManager : found sql/base/mysql/index.vm with loader org.apache.velocity.runtime.resource.loader.ClasspathResourceLoader
2005-07-04 19:15:42,256 - ResourceManager : found sql/base/mysql/table.vm with loader org.apache.velocity.runtime.resource.loader.ClasspathResourceLoader
2005-07-04 19:15:42,266 - ResourceManager : found sql/base/mysql/drop.vm with loader org.apache.velocity.runtime.resource.loader.ClasspathResourceLoader
2005-07-04 19:15:42,276 - ResourceManager : found sql/base/mysql/columns.vm with loader org.apache.velocity.runtime.resource.loader.ClasspathResourceLoader
2005-07-04 19:15:42,276 - ResourceManager : found sql/base/mysql/primarykey.vm with loader org.apache.velocity.runtime.resource.loader.ClasspathResourceLoader
2005-07-04 19:15:42,286 - ResourceManager : found sql/base/mysql/foreignkey.vm with loader org.apache.velocity.runtime.resource.loader.ClasspathResourceLoader
2005-07-04 19:15:42,286 - ResourceManager : found sql/base/mysql/unique.vm with loader org.apache.velocity.runtime.resource.loader.ClasspathResourceLoader
2005-07-04 19:15:42,286 - ResourceManager : found sql/base/mysql/index.vm with loader org.apache.velocity.runtime.resource.loader.ClasspathResourceLoader
2005-07-04 19:15:42,296 - ResourceManager : found sql/base/mysql/table.vm with loader org.apache.velocity.runtime.resource.loader.ClasspathResourceLoader
2005-07-04 19:15:42,296 - ResourceManager : found sql/base/mysql/drop.vm with loader org.apache.velocity.runtime.resource.loader.ClasspathResourceLoader
2005-07-04 19:15:42,296 - ResourceManager : found sql/base/mysql/columns.vm with loader org.apache.velocity.runtime.resource.loader.ClasspathResourceLoader
2005-07-04 19:15:42,306 - ResourceManager : found sql/base/mysql/primarykey.vm with loader org.apache.velocity.runtime.resource.loader.ClasspathResourceLoader
2005-07-04 19:15:42,306 - ResourceManager : found sql/base/mysql/foreignkey.vm with loader org.apache.velocity.runtime.resource.loader.ClasspathResourceLoader
2005-07-04 19:15:42,316 - ResourceManager : found sql/base/mysql/unique.vm with loader org.apache.velocity.runtime.resource.loader.ClasspathResourceLoader
2005-07-04 19:15:42,316 - ResourceManager : found sql/base/mysql/index.vm with loader org.apache.velocity.runtime.resource.loader.ClasspathResourceLoader
2005-07-04 19:15:42,316 - ResourceManager : found sql/base/mysql/tablefk.vm with loader org.apache.velocity.runtime.resource.loader.ClasspathResourceLoader
2005-07-04 19:15:42,316 - ResourceManager : found sql/base/mysql/tablefk.vm with loader org.apache.velocity.runtime.resource.loader.ClasspathResourceLoader
2005-07-04 19:15:42,326 - ResourceManager : found sql/base/mysql/tablefk.vm with loader org.apache.velocity.runtime.resource.loader.ClasspathResourceLoader
2005-07-04 19:15:42,326 - ResourceManager : found sql/base/mysql/tablefk.vm with loader org.apache.velocity.runtime.resource.loader.ClasspathResourceLoader
2005-07-04 19:15:42,326 - ResourceManager : found sql/base/mysql/tablefk.vm with loader org.apache.velocity.runtime.resource.loader.ClasspathResourceLoader
2005-07-04 19:15:42,326 - ResourceManager : found sql/base/mysql/tablefk.vm with loader org.apache.velocity.runtime.resource.loader.ClasspathResourceLoader
2005-07-04 19:23:03,290 - SimpleLog4JLogSystem initialized using logfile 'velocity.log'
2005-07-04 19:23:03,370 - ************************************************************** 
2005-07-04 19:23:03,370 - Starting Jakarta Velocity v1.4
2005-07-04 19:23:03,370 - RuntimeInstance initializing.
2005-07-04 19:23:03,370 - Default Properties File: org\apache\velocity\runtime\defaults\velocity.properties
2005-07-04 19:23:03,370 - Trying to use logger class org.apache.velocity.runtime.log.AvalonLogSystem
2005-07-04 19:23:03,370 - Couldn't find class org.apache.velocity.runtime.log.AvalonLogSystem or necessary supporting classes in classpath. Exception : java.lang.NoClassDefFoundError: org/apache/log/format/Formatter
2005-07-04 19:23:03,370 - Trying to use logger class org.apache.velocity.runtime.log.SimpleLog4JLogSystem
2005-07-04 19:23:03,370 - Using logger class org.apache.velocity.runtime.log.SimpleLog4JLogSystem
2005-07-04 19:23:03,440 - Default ResourceManager initializing. (class org.apache.velocity.runtime.resource.ResourceManagerImpl)
2005-07-04 19:23:03,701 - Resource Loader Instantiated: org.apache.velocity.runtime.resource.loader.ClasspathResourceLoader
2005-07-04 19:23:03,701 - ClasspathResourceLoader : initialization starting.
2005-07-04 19:23:03,701 - ClasspathResourceLoader : initialization complete.
2005-07-04 19:23:03,711 - ResourceCache : initialized. (class org.apache.velocity.runtime.resource.ResourceCacheImpl)
2005-07-04 19:23:03,711 - Default ResourceManager initialization complete.
2005-07-04 19:23:03,711 - Loaded System Directive: org.apache.velocity.runtime.directive.Literal
2005-07-04 19:23:03,721 - Loaded System Directive: org.apache.velocity.runtime.directive.Macro
2005-07-04 19:23:03,731 - Loaded System Directive: org.apache.velocity.runtime.directive.Parse
2005-07-04 19:23:03,781 - Loaded System Directive: org.apache.velocity.runtime.directive.Include
2005-07-04 19:23:03,781 - Loaded System Directive: org.apache.velocity.runtime.directive.Foreach
2005-07-04 19:23:03,941 - Created: 20 parsers.
2005-07-04 19:23:03,981 - Velocimacro : initialization starting.
2005-07-04 19:23:03,981 - Velocimacro : adding VMs from VM library template : VM_global_library.vm
2005-07-04 19:23:03,981 - ResourceManager : unable to find resource 'VM_global_library.vm' in any resource loader.
2005-07-04 19:23:03,981 - Velocimacro : error using  VM library template VM_global_library.vm : org.apache.velocity.exception.ResourceNotFoundException: Unable to find resource 'VM_global_library.vm'
2005-07-04 19:23:03,981 - Velocimacro :  VM library template macro registration complete.
2005-07-04 19:23:03,991 - Velocimacro : allowInline = true : VMs can be defined inline in templates
2005-07-04 19:23:03,991 - Velocimacro : allowInlineToOverride = false : VMs defined inline may NOT replace previous VM definitions
2005-07-04 19:23:03,991 - Velocimacro : allowInlineLocal = false : VMs defined inline will be  global in scope if allowed.
2005-07-04 19:23:03,991 - Velocimacro : messages on  : VM system will output logging messages
2005-07-04 19:23:03,991 - Velocimacro : autoload off  : VM system will not automatically reload global library macros
2005-07-04 19:23:03,991 - Velocimacro : initialization complete.
2005-07-04 19:23:03,991 - Velocity successfully started.
2005-07-04 19:23:04,732 - ResourceManager : found sql/base/Control.vm with loader org.apache.velocity.runtime.resource.loader.ClasspathResourceLoader
2005-07-04 19:23:04,792 - ResourceManager : found sql/base/mysql/table.vm with loader org.apache.velocity.runtime.resource.loader.ClasspathResourceLoader
2005-07-04 19:23:04,802 - ResourceManager : found sql/base/mysql/drop.vm with loader org.apache.velocity.runtime.resource.loader.ClasspathResourceLoader
2005-07-04 19:23:04,822 - ResourceManager : found sql/base/mysql/columns.vm with loader org.apache.velocity.runtime.resource.loader.ClasspathResourceLoader
2005-07-04 19:23:04,832 - ResourceManager : found sql/base/mysql/primarykey.vm with loader org.apache.velocity.runtime.resource.loader.ClasspathResourceLoader
2005-07-04 19:23:04,842 - ResourceManager : found sql/base/mysql/foreignkey.vm with loader org.apache.velocity.runtime.resource.loader.ClasspathResourceLoader
2005-07-04 19:23:04,853 - ResourceManager : found sql/base/mysql/unique.vm with loader org.apache.velocity.runtime.resource.loader.ClasspathResourceLoader
2005-07-04 19:23:04,853 - ResourceManager : found sql/base/mysql/index.vm with loader org.apache.velocity.runtime.resource.loader.ClasspathResourceLoader
2005-07-04 19:23:04,863 - ResourceManager : found sql/base/mysql/tablefk.vm with loader org.apache.velocity.runtime.resource.loader.ClasspathResourceLoader
2005-07-04 19:23:04,893 - ResourceManager : found sql/base/mysql/table.vm with loader org.apache.velocity.runtime.resource.loader.ClasspathResourceLoader
2005-07-04 19:23:04,893 - ResourceManager : found sql/base/mysql/drop.vm with loader org.apache.velocity.runtime.resource.loader.ClasspathResourceLoader
2005-07-04 19:23:04,903 - ResourceManager : found sql/base/mysql/columns.vm with loader org.apache.velocity.runtime.resource.loader.ClasspathResourceLoader
2005-07-04 19:23:04,923 - ResourceManager : found sql/base/mysql/primarykey.vm with loader org.apache.velocity.runtime.resource.loader.ClasspathResourceLoader
2005-07-04 19:23:04,923 - ResourceManager : found sql/base/mysql/foreignkey.vm with loader org.apache.velocity.runtime.resource.loader.ClasspathResourceLoader
2005-07-04 19:23:04,933 - ResourceManager : found sql/base/mysql/unique.vm with loader org.apache.velocity.runtime.resource.loader.ClasspathResourceLoader
2005-07-04 19:23:04,933 - ResourceManager : found sql/base/mysql/index.vm with loader org.apache.velocity.runtime.resource.loader.ClasspathResourceLoader
2005-07-04 19:23:04,953 - ResourceManager : found sql/base/mysql/table.vm with loader org.apache.velocity.runtime.resource.loader.ClasspathResourceLoader
2005-07-04 19:23:04,953 - ResourceManager : found sql/base/mysql/drop.vm with loader org.apache.velocity.runtime.resource.loader.ClasspathResourceLoader
2005-07-04 19:23:04,963 - ResourceManager : found sql/base/mysql/columns.vm with loader org.apache.velocity.runtime.resource.loader.ClasspathResourceLoader
2005-07-04 19:23:04,963 - ResourceManager : found sql/base/mysql/primarykey.vm with loader org.apache.velocity.runtime.resource.loader.ClasspathResourceLoader
2005-07-04 19:23:04,973 - ResourceManager : found sql/base/mysql/foreignkey.vm with loader org.apache.velocity.runtime.resource.loader.ClasspathResourceLoader
2005-07-04 19:23:05,083 - ResourceManager : found sql/base/mysql/unique.vm with loader org.apache.velocity.runtime.resource.loader.ClasspathResourceLoader
2005-07-04 19:23:05,093 - ResourceManager : found sql/base/mysql/index.vm with loader org.apache.velocity.runtime.resource.loader.ClasspathResourceLoader
2005-07-04 19:23:05,103 - ResourceManager : found sql/base/mysql/table.vm with loader org.apache.velocity.runtime.resource.loader.ClasspathResourceLoader
2005-07-04 19:23:05,113 - ResourceManager : found sql/base/mysql/drop.vm with loader org.apache.velocity.runtime.resource.loader.ClasspathResourceLoader
2005-07-04 19:23:05,113 - ResourceManager : found sql/base/mysql/columns.vm with loader org.apache.velocity.runtime.resource.loader.ClasspathResourceLoader
2005-07-04 19:23:05,123 - ResourceManager : found sql/base/mysql/primarykey.vm with loader org.apache.velocity.runtime.resource.loader.ClasspathResourceLoader
2005-07-04 19:23:05,123 - ResourceManager : found sql/base/mysql/foreignkey.vm with loader org.apache.velocity.runtime.resource.loader.ClasspathResourceLoader
2005-07-04 19:23:05,123 - ResourceManager : found sql/base/mysql/unique.vm with loader org.apache.velocity.runtime.resource.loader.ClasspathResourceLoader
2005-07-04 19:23:05,133 - ResourceManager : found sql/base/mysql/index.vm with loader org.apache.velocity.runtime.resource.loader.ClasspathResourceLoader
2005-07-04 19:23:05,143 - ResourceManager : found sql/base/mysql/table.vm with loader org.apache.velocity.runtime.resource.loader.ClasspathResourceLoader
2005-07-04 19:23:05,143 - ResourceManager : found sql/base/mysql/drop.vm with loader org.apache.velocity.runtime.resource.loader.ClasspathResourceLoader
2005-07-04 19:23:05,143 - ResourceManager : found sql/base/mysql/columns.vm with loader org.apache.velocity.runtime.resource.loader.ClasspathResourceLoader
2005-07-04 19:23:05,153 - ResourceManager : found sql/base/mysql/primarykey.vm with loader org.apache.velocity.runtime.resource.loader.ClasspathResourceLoader
2005-07-04 19:23:05,153 - ResourceManager : found sql/base/mysql/foreignkey.vm with loader org.apache.velocity.runtime.resource.loader.ClasspathResourceLoader
2005-07-04 19:23:05,163 - ResourceManager : found sql/base/mysql/unique.vm with loader org.apache.velocity.runtime.resource.loader.ClasspathResourceLoader
2005-07-04 19:23:05,163 - ResourceManager : found sql/base/mysql/index.vm with loader org.apache.velocity.runtime.resource.loader.ClasspathResourceLoader
2005-07-04 19:23:05,173 - ResourceManager : found sql/base/mysql/table.vm with loader org.apache.velocity.runtime.resource.loader.ClasspathResourceLoader
2005-07-04 19:23:05,173 - ResourceManager : found sql/base/mysql/drop.vm with loader org.apache.velocity.runtime.resource.loader.ClasspathResourceLoader
2005-07-04 19:23:05,183 - ResourceManager : found sql/base/mysql/columns.vm with loader org.apache.velocity.runtime.resource.loader.ClasspathResourceLoader
2005-07-04 19:23:05,183 - ResourceManager : found sql/base/mysql/primarykey.vm with loader org.apache.velocity.runtime.resource.loader.ClasspathResourceLoader
2005-07-04 19:23:05,183 - ResourceManager : found sql/base/mysql/foreignkey.vm with loader org.apache.velocity.runtime.resource.loader.ClasspathResourceLoader
2005-07-04 19:23:05,193 - ResourceManager : found sql/base/mysql/unique.vm with loader org.apache.velocity.runtime.resource.loader.ClasspathResourceLoader
2005-07-04 19:23:05,193 - ResourceManager : found sql/base/mysql/index.vm with loader org.apache.velocity.runtime.resource.loader.ClasspathResourceLoader
2005-07-04 19:23:05,203 - ResourceManager : found sql/base/mysql/table.vm with loader org.apache.velocity.runtime.resource.loader.ClasspathResourceLoader
2005-07-04 19:23:05,203 - ResourceManager : found sql/base/mysql/drop.vm with loader org.apache.velocity.runtime.resource.loader.ClasspathResourceLoader
2005-07-04 19:23:05,213 - ResourceManager : found sql/base/mysql/columns.vm with loader org.apache.velocity.runtime.resource.loader.ClasspathResourceLoader
2005-07-04 19:23:05,213 - ResourceManager : found sql/base/mysql/primarykey.vm with loader org.apache.velocity.runtime.resource.loader.ClasspathResourceLoader
2005-07-04 19:23:05,213 - ResourceManager : found sql/base/mysql/foreignkey.vm with loader org.apache.velocity.runtime.resource.loader.ClasspathResourceLoader
2005-07-04 19:23:05,223 - ResourceManager : found sql/base/mysql/unique.vm with loader org.apache.velocity.runtime.resource.loader.ClasspathResourceLoader
2005-07-04 19:23:05,223 - ResourceManager : found sql/base/mysql/index.vm with loader org.apache.velocity.runtime.resource.loader.ClasspathResourceLoader
2005-07-04 19:23:05,233 - ResourceManager : found sql/base/mysql/table.vm with loader org.apache.velocity.runtime.resource.loader.ClasspathResourceLoader
2005-07-04 19:23:05,233 - ResourceManager : found sql/base/mysql/drop.vm with loader org.apache.velocity.runtime.resource.loader.ClasspathResourceLoader
2005-07-04 19:23:05,233 - ResourceManager : found sql/base/mysql/columns.vm with loader org.apache.velocity.runtime.resource.loader.ClasspathResourceLoader
2005-07-04 19:23:05,253 - ResourceManager : found sql/base/mysql/primarykey.vm with loader org.apache.velocity.runtime.resource.loader.ClasspathResourceLoader
2005-07-04 19:23:05,253 - ResourceManager : found sql/base/mysql/foreignkey.vm with loader org.apache.velocity.runtime.resource.loader.ClasspathResourceLoader
2005-07-04 19:23:05,263 - ResourceManager : found sql/base/mysql/unique.vm with loader org.apache.velocity.runtime.resource.loader.ClasspathResourceLoader
2005-07-04 19:23:05,263 - ResourceManager : found sql/base/mysql/index.vm with loader org.apache.velocity.runtime.resource.loader.ClasspathResourceLoader
2005-07-04 19:23:05,273 - ResourceManager : found sql/base/mysql/table.vm with loader org.apache.velocity.runtime.resource.loader.ClasspathResourceLoader
2005-07-04 19:23:05,273 - ResourceManager : found sql/base/mysql/drop.vm with loader org.apache.velocity.runtime.resource.loader.ClasspathResourceLoader
2005-07-04 19:23:05,293 - ResourceManager : found sql/base/mysql/columns.vm with loader org.apache.velocity.runtime.resource.loader.ClasspathResourceLoader
2005-07-04 19:23:05,293 - ResourceManager : found sql/base/mysql/primarykey.vm with loader org.apache.velocity.runtime.resource.loader.ClasspathResourceLoader
2005-07-04 19:23:05,293 - ResourceManager : found sql/base/mysql/foreignkey.vm with loader org.apache.velocity.runtime.resource.loader.ClasspathResourceLoader
2005-07-04 19:23:05,303 - ResourceManager : found sql/base/mysql/unique.vm with loader org.apache.velocity.runtime.resource.loader.ClasspathResourceLoader
2005-07-04 19:23:05,303 - ResourceManager : found sql/base/mysql/index.vm with loader org.apache.velocity.runtime.resource.loader.ClasspathResourceLoader
2005-07-04 19:23:05,313 - ResourceManager : found sql/base/mysql/table.vm with loader org.apache.velocity.runtime.resource.loader.ClasspathResourceLoader
2005-07-04 19:23:05,313 - ResourceManager : found sql/base/mysql/drop.vm with loader org.apache.velocity.runtime.resource.loader.ClasspathResourceLoader
2005-07-04 19:23:05,323 - ResourceManager : found sql/base/mysql/columns.vm with loader org.apache.velocity.runtime.resource.loader.ClasspathResourceLoader
2005-07-04 19:23:05,323 - ResourceManager : found sql/base/mysql/primarykey.vm with loader org.apache.velocity.runtime.resource.loader.ClasspathResourceLoader
2005-07-04 19:23:05,323 - ResourceManager : found sql/base/mysql/foreignkey.vm with loader org.apache.velocity.runtime.resource.loader.ClasspathResourceLoader
2005-07-04 19:23:05,323 - ResourceManager : found sql/base/mysql/unique.vm with loader org.apache.velocity.runtime.resource.loader.ClasspathResourceLoader
2005-07-04 19:23:05,333 - ResourceManager : found sql/base/mysql/index.vm with loader org.apache.velocity.runtime.resource.loader.ClasspathResourceLoader
2005-07-04 19:23:05,343 - ResourceManager : found sql/base/mysql/table.vm with loader org.apache.velocity.runtime.resource.loader.ClasspathResourceLoader
2005-07-04 19:23:05,343 - ResourceManager : found sql/base/mysql/drop.vm with loader org.apache.velocity.runtime.resource.loader.ClasspathResourceLoader
2005-07-04 19:23:05,343 - ResourceManager : found sql/base/mysql/columns.vm with loader org.apache.velocity.runtime.resource.loader.ClasspathResourceLoader
2005-07-04 19:23:05,353 - ResourceManager : found sql/base/mysql/primarykey.vm with loader org.apache.velocity.runtime.resource.loader.ClasspathResourceLoader
2005-07-04 19:23:05,353 - ResourceManager : found sql/base/mysql/foreignkey.vm with loader org.apache.velocity.runtime.resource.loader.ClasspathResourceLoader
2005-07-04 19:23:05,353 - ResourceManager : found sql/base/mysql/unique.vm with loader org.apache.velocity.runtime.resource.loader.ClasspathResourceLoader
2005-07-04 19:23:05,363 - ResourceManager : found sql/base/mysql/index.vm with loader org.apache.velocity.runtime.resource.loader.ClasspathResourceLoader
2005-07-04 19:23:05,363 - ResourceManager : found sql/base/mysql/table.vm with loader org.apache.velocity.runtime.resource.loader.ClasspathResourceLoader
2005-07-04 19:23:05,373 - ResourceManager : found sql/base/mysql/drop.vm with loader org.apache.velocity.runtime.resource.loader.ClasspathResourceLoader
2005-07-04 19:23:05,373 - ResourceManager : found sql/base/mysql/columns.vm with loader org.apache.velocity.runtime.resource.loader.ClasspathResourceLoader
2005-07-04 19:23:05,373 - ResourceManager : found sql/base/mysql/primarykey.vm with loader org.apache.velocity.runtime.resource.loader.ClasspathResourceLoader
2005-07-04 19:23:05,383 - ResourceManager : found sql/base/mysql/foreignkey.vm with loader org.apache.velocity.runtime.resource.loader.ClasspathResourceLoader
2005-07-04 19:23:05,383 - ResourceManager : found sql/base/mysql/unique.vm with loader org.apache.velocity.runtime.resource.loader.ClasspathResourceLoader
2005-07-04 19:23:05,383 - ResourceManager : found sql/base/mysql/index.vm with loader org.apache.velocity.runtime.resource.loader.ClasspathResourceLoader
2005-07-04 19:23:05,393 - ResourceManager : found sql/base/mysql/table.vm with loader org.apache.velocity.runtime.resource.loader.ClasspathResourceLoader
2005-07-04 19:23:05,393 - ResourceManager : found sql/base/mysql/drop.vm with loader org.apache.velocity.runtime.resource.loader.ClasspathResourceLoader
2005-07-04 19:23:05,403 - ResourceManager : found sql/base/mysql/columns.vm with loader org.apache.velocity.runtime.resource.loader.ClasspathResourceLoader
2005-07-04 19:23:05,403 - ResourceManager : found sql/base/mysql/primarykey.vm with loader org.apache.velocity.runtime.resource.loader.ClasspathResourceLoader
2005-07-04 19:23:05,413 - ResourceManager : found sql/base/mysql/foreignkey.vm with loader org.apache.velocity.runtime.resource.loader.ClasspathResourceLoader
2005-07-04 19:23:05,413 - ResourceManager : found sql/base/mysql/unique.vm with loader org.apache.velocity.runtime.resource.loader.ClasspathResourceLoader
2005-07-04 19:23:05,423 - ResourceManager : found sql/base/mysql/index.vm with loader org.apache.velocity.runtime.resource.loader.ClasspathResourceLoader
2005-07-04 19:23:05,433 - ResourceManager : found sql/base/mysql/table.vm with loader org.apache.velocity.runtime.resource.loader.ClasspathResourceLoader
2005-07-04 19:23:05,433 - ResourceManager : found sql/base/mysql/drop.vm with loader org.apache.velocity.runtime.resource.loader.ClasspathResourceLoader
2005-07-04 19:23:05,433 - ResourceManager : found sql/base/mysql/columns.vm with loader org.apache.velocity.runtime.resource.loader.ClasspathResourceLoader
2005-07-04 19:23:05,443 - ResourceManager : found sql/base/mysql/primarykey.vm with loader org.apache.velocity.runtime.resource.loader.ClasspathResourceLoader
2005-07-04 19:23:05,453 - ResourceManager : found sql/base/mysql/foreignkey.vm with loader org.apache.velocity.runtime.resource.loader.ClasspathResourceLoader
2005-07-04 19:23:05,453 - ResourceManager : found sql/base/mysql/unique.vm with loader org.apache.velocity.runtime.resource.loader.ClasspathResourceLoader
2005-07-04 19:23:05,453 - ResourceManager : found sql/base/mysql/index.vm with loader org.apache.velocity.runtime.resource.loader.ClasspathResourceLoader
2005-07-04 19:23:05,463 - ResourceManager : found sql/base/mysql/table.vm with loader org.apache.velocity.runtime.resource.loader.ClasspathResourceLoader
2005-07-04 19:23:05,463 - ResourceManager : found sql/base/mysql/drop.vm with loader org.apache.velocity.runtime.resource.loader.ClasspathResourceLoader
2005-07-04 19:23:05,463 - ResourceManager : found sql/base/mysql/columns.vm with loader org.apache.velocity.runtime.resource.loader.ClasspathResourceLoader
2005-07-04 19:23:05,473 - ResourceManager : found sql/base/mysql/primarykey.vm with loader org.apache.velocity.runtime.resource.loader.ClasspathResourceLoader
2005-07-04 19:23:05,473 - ResourceManager : found sql/base/mysql/foreignkey.vm with loader org.apache.velocity.runtime.resource.loader.ClasspathResourceLoader
2005-07-04 19:23:05,473 - ResourceManager : found sql/base/mysql/unique.vm with loader org.apache.velocity.runtime.resource.loader.ClasspathResourceLoader
2005-07-04 19:23:05,483 - ResourceManager : found sql/base/mysql/index.vm with loader org.apache.velocity.runtime.resource.loader.ClasspathResourceLoader
2005-07-04 19:23:05,483 - ResourceManager : found sql/base/mysql/table.vm with loader org.apache.velocity.runtime.resource.loader.ClasspathResourceLoader
2005-07-04 19:23:05,493 - ResourceManager : found sql/base/mysql/drop.vm with loader org.apache.velocity.runtime.resource.loader.ClasspathResourceLoader
2005-07-04 19:23:05,493 - ResourceManager : found sql/base/mysql/columns.vm with loader org.apache.velocity.runtime.resource.loader.ClasspathResourceLoader
2005-07-04 19:23:05,493 - ResourceManager : found sql/base/mysql/primarykey.vm with loader org.apache.velocity.runtime.resource.loader.ClasspathResourceLoader
2005-07-04 19:23:05,503 - ResourceManager : found sql/base/mysql/foreignkey.vm with loader org.apache.velocity.runtime.resource.loader.ClasspathResourceLoader
2005-07-04 19:23:05,503 - ResourceManager : found sql/base/mysql/unique.vm with loader org.apache.velocity.runtime.resource.loader.ClasspathResourceLoader
2005-07-04 19:23:05,503 - ResourceManager : found sql/base/mysql/index.vm with loader org.apache.velocity.runtime.resource.loader.ClasspathResourceLoader
2005-07-04 19:23:05,513 - ResourceManager : found sql/base/mysql/table.vm with loader org.apache.velocity.runtime.resource.loader.ClasspathResourceLoader
2005-07-04 19:23:05,513 - ResourceManager : found sql/base/mysql/drop.vm with loader org.apache.velocity.runtime.resource.loader.ClasspathResourceLoader
2005-07-04 19:23:05,523 - ResourceManager : found sql/base/mysql/columns.vm with loader org.apache.velocity.runtime.resource.loader.ClasspathResourceLoader
2005-07-04 19:23:05,523 - ResourceManager : found sql/base/mysql/primarykey.vm with loader org.apache.velocity.runtime.resource.loader.ClasspathResourceLoader
2005-07-04 19:23:05,533 - ResourceManager : found sql/base/mysql/foreignkey.vm with loader org.apache.velocity.runtime.resource.loader.ClasspathResourceLoader
2005-07-04 19:23:05,533 - ResourceManager : found sql/base/mysql/unique.vm with loader org.apache.velocity.runtime.resource.loader.ClasspathResourceLoader
2005-07-04 19:23:05,533 - ResourceManager : found sql/base/mysql/index.vm with loader org.apache.velocity.runtime.resource.loader.ClasspathResourceLoader
2005-07-04 19:23:05,543 - ResourceManager : found sql/base/mysql/table.vm with loader org.apache.velocity.runtime.resource.loader.ClasspathResourceLoader
2005-07-04 19:23:05,543 - ResourceManager : found sql/base/mysql/drop.vm with loader org.apache.velocity.runtime.resource.loader.ClasspathResourceLoader
2005-07-04 19:23:05,554 - ResourceManager : found sql/base/mysql/columns.vm with loader org.apache.velocity.runtime.resource.loader.ClasspathResourceLoader
2005-07-04 19:23:05,554 - ResourceManager : found sql/base/mysql/primarykey.vm with loader org.apache.velocity.runtime.resource.loader.ClasspathResourceLoader
2005-07-04 19:23:05,554 - ResourceManager : found sql/base/mysql/foreignkey.vm with loader org.apache.velocity.runtime.resource.loader.ClasspathResourceLoader
2005-07-04 19:23:05,564 - ResourceManager : found sql/base/mysql/unique.vm with loader org.apache.velocity.runtime.resource.loader.ClasspathResourceLoader
2005-07-04 19:23:05,564 - ResourceManager : found sql/base/mysql/index.vm with loader org.apache.velocity.runtime.resource.loader.ClasspathResourceLoader
2005-07-04 19:23:05,564 - ResourceManager : found sql/base/mysql/table.vm with loader org.apache.velocity.runtime.resource.loader.ClasspathResourceLoader
2005-07-04 19:23:05,574 - ResourceManager : found sql/base/mysql/drop.vm with loader org.apache.velocity.runtime.resource.loader.ClasspathResourceLoader
2005-07-04 19:23:05,574 - ResourceManager : found sql/base/mysql/columns.vm with loader org.apache.velocity.runtime.resource.loader.ClasspathResourceLoader
2005-07-04 19:23:05,584 - ResourceManager : found sql/base/mysql/primarykey.vm with loader org.apache.velocity.runtime.resource.loader.ClasspathResourceLoader
2005-07-04 19:23:05,584 - ResourceManager : found sql/base/mysql/foreignkey.vm with loader org.apache.velocity.runtime.resource.loader.ClasspathResourceLoader
2005-07-04 19:23:05,584 - ResourceManager : found sql/base/mysql/unique.vm with loader org.apache.velocity.runtime.resource.loader.ClasspathResourceLoader
2005-07-04 19:23:05,594 - ResourceManager : found sql/base/mysql/index.vm with loader org.apache.velocity.runtime.resource.loader.ClasspathResourceLoader
2005-07-04 19:23:05,594 - ResourceManager : found sql/base/mysql/table.vm with loader org.apache.velocity.runtime.resource.loader.ClasspathResourceLoader
2005-07-04 19:23:05,594 - ResourceManager : found sql/base/mysql/drop.vm with loader org.apache.velocity.runtime.resource.loader.ClasspathResourceLoader
2005-07-04 19:23:05,604 - ResourceManager : found sql/base/mysql/columns.vm with loader org.apache.velocity.runtime.resource.loader.ClasspathResourceLoader
2005-07-04 19:23:05,604 - ResourceManager : found sql/base/mysql/primarykey.vm with loader org.apache.velocity.runtime.resource.loader.ClasspathResourceLoader
2005-07-04 19:23:05,604 - ResourceManager : found sql/base/mysql/foreignkey.vm with loader org.apache.velocity.runtime.resource.loader.ClasspathResourceLoader
2005-07-04 19:23:05,614 - ResourceManager : found sql/base/mysql/unique.vm with loader org.apache.velocity.runtime.resource.loader.ClasspathResourceLoader
2005-07-04 19:23:05,614 - ResourceManager : found sql/base/mysql/index.vm with loader org.apache.velocity.runtime.resource.loader.ClasspathResourceLoader
2005-07-04 19:23:05,614 - ResourceManager : found sql/base/mysql/table.vm with loader org.apache.velocity.runtime.resource.loader.ClasspathResourceLoader
2005-07-04 19:23:05,624 - ResourceManager : found sql/base/mysql/drop.vm with loader org.apache.velocity.runtime.resource.loader.ClasspathResourceLoader
2005-07-04 19:23:05,624 - ResourceManager : found sql/base/mysql/columns.vm with loader org.apache.velocity.runtime.resource.loader.ClasspathResourceLoader
2005-07-04 19:23:05,624 - ResourceManager : found sql/base/mysql/primarykey.vm with loader org.apache.velocity.runtime.resource.loader.ClasspathResourceLoader
2005-07-04 19:23:05,634 - ResourceManager : found sql/base/mysql/foreignkey.vm with loader org.apache.velocity.runtime.resource.loader.ClasspathResourceLoader
2005-07-04 19:23:05,634 - ResourceManager : found sql/base/mysql/unique.vm with loader org.apache.velocity.runtime.resource.loader.ClasspathResourceLoader
2005-07-04 19:23:05,634 - ResourceManager : found sql/base/mysql/index.vm with loader org.apache.velocity.runtime.resource.loader.ClasspathResourceLoader
2005-07-04 19:23:05,644 - ResourceManager : found sql/base/mysql/table.vm with loader org.apache.velocity.runtime.resource.loader.ClasspathResourceLoader
2005-07-04 19:23:05,654 - ResourceManager : found sql/base/mysql/drop.vm with loader org.apache.velocity.runtime.resource.loader.ClasspathResourceLoader
2005-07-04 19:23:05,654 - ResourceManager : found sql/base/mysql/columns.vm with loader org.apache.velocity.runtime.resource.loader.ClasspathResourceLoader
2005-07-04 19:23:05,664 - ResourceManager : found sql/base/mysql/primarykey.vm with loader org.apache.velocity.runtime.resource.loader.ClasspathResourceLoader
2005-07-04 19:23:05,664 - ResourceManager : found sql/base/mysql/foreignkey.vm with loader org.apache.velocity.runtime.resource.loader.ClasspathResourceLoader
2005-07-04 19:23:05,664 - ResourceManager : found sql/base/mysql/unique.vm with loader org.apache.velocity.runtime.resource.loader.ClasspathResourceLoader
2005-07-04 19:23:05,664 - ResourceManager : found sql/base/mysql/index.vm with loader org.apache.velocity.runtime.resource.loader.ClasspathResourceLoader
2005-07-04 19:23:05,674 - ResourceManager : found sql/base/mysql/table.vm with loader org.apache.velocity.runtime.resource.loader.ClasspathResourceLoader
2005-07-04 19:23:05,674 - ResourceManager : found sql/base/mysql/drop.vm with loader org.apache.velocity.runtime.resource.loader.ClasspathResourceLoader
2005-07-04 19:23:05,684 - ResourceManager : found sql/base/mysql/columns.vm with loader org.apache.velocity.runtime.resource.loader.ClasspathResourceLoader
2005-07-04 19:23:05,684 - ResourceManager : found sql/base/mysql/primarykey.vm with loader org.apache.velocity.runtime.resource.loader.ClasspathResourceLoader
2005-07-04 19:23:05,684 - ResourceManager : found sql/base/mysql/foreignkey.vm with loader org.apache.velocity.runtime.resource.loader.ClasspathResourceLoader
2005-07-04 19:23:05,694 - ResourceManager : found sql/base/mysql/unique.vm with loader org.apache.velocity.runtime.resource.loader.ClasspathResourceLoader
2005-07-04 19:23:05,694 - ResourceManager : found sql/base/mysql/index.vm with loader org.apache.velocity.runtime.resource.loader.ClasspathResourceLoader
2005-07-04 19:23:05,694 - ResourceManager : found sql/base/mysql/table.vm with loader org.apache.velocity.runtime.resource.loader.ClasspathResourceLoader
2005-07-04 19:23:05,704 - ResourceManager : found sql/base/mysql/drop.vm with loader org.apache.velocity.runtime.resource.loader.ClasspathResourceLoader
2005-07-04 19:23:05,704 - ResourceManager : found sql/base/mysql/columns.vm with loader org.apache.velocity.runtime.resource.loader.ClasspathResourceLoader
2005-07-04 19:23:05,714 - ResourceManager : found sql/base/mysql/primarykey.vm with loader org.apache.velocity.runtime.resource.loader.ClasspathResourceLoader
2005-07-04 19:23:05,714 - ResourceManager : found sql/base/mysql/foreignkey.vm with loader org.apache.velocity.runtime.resource.loader.ClasspathResourceLoader
2005-07-04 19:23:05,714 - ResourceManager : found sql/base/mysql/unique.vm with loader org.apache.velocity.runtime.resource.loader.ClasspathResourceLoader
2005-07-04 19:23:05,714 - ResourceManager : found sql/base/mysql/index.vm with loader org.apache.velocity.runtime.resource.loader.ClasspathResourceLoader
2005-07-04 19:23:05,724 - ResourceManager : found sql/base/mysql/table.vm with loader org.apache.velocity.runtime.resource.loader.ClasspathResourceLoader
2005-07-04 19:23:05,724 - ResourceManager : found sql/base/mysql/drop.vm with loader org.apache.velocity.runtime.resource.loader.ClasspathResourceLoader
2005-07-04 19:23:05,734 - ResourceManager : found sql/base/mysql/columns.vm with loader org.apache.velocity.runtime.resource.loader.ClasspathResourceLoader
2005-07-04 19:23:05,734 - ResourceManager : found sql/base/mysql/primarykey.vm with loader org.apache.velocity.runtime.resource.loader.ClasspathResourceLoader
2005-07-04 19:23:05,744 - ResourceManager : found sql/base/mysql/foreignkey.vm with loader org.apache.velocity.runtime.resource.loader.ClasspathResourceLoader
2005-07-04 19:23:05,744 - ResourceManager : found sql/base/mysql/unique.vm with loader org.apache.velocity.runtime.resource.loader.ClasspathResourceLoader
2005-07-04 19:23:05,744 - ResourceManager : found sql/base/mysql/index.vm with loader org.apache.velocity.runtime.resource.loader.ClasspathResourceLoader
2005-07-04 19:23:05,754 - ResourceManager : found sql/base/mysql/table.vm with loader org.apache.velocity.runtime.resource.loader.ClasspathResourceLoader
2005-07-04 19:23:05,754 - ResourceManager : found sql/base/mysql/drop.vm with loader org.apache.velocity.runtime.resource.loader.ClasspathResourceLoader
2005-07-04 19:23:05,754 - ResourceManager : found sql/base/mysql/columns.vm with loader org.apache.velocity.runtime.resource.loader.ClasspathResourceLoader
2005-07-04 19:23:05,814 - ResourceManager : found sql/base/mysql/primarykey.vm with loader org.apache.velocity.runtime.resource.loader.ClasspathResourceLoader
2005-07-04 19:23:05,814 - ResourceManager : found sql/base/mysql/foreignkey.vm with loader org.apache.velocity.runtime.resource.loader.ClasspathResourceLoader
2005-07-04 19:23:05,824 - ResourceManager : found sql/base/mysql/unique.vm with loader org.apache.velocity.runtime.resource.loader.ClasspathResourceLoader
2005-07-04 19:23:05,824 - ResourceManager : found sql/base/mysql/index.vm with loader org.apache.velocity.runtime.resource.loader.ClasspathResourceLoader
2005-07-04 19:23:05,834 - ResourceManager : found sql/base/mysql/table.vm with loader org.apache.velocity.runtime.resource.loader.ClasspathResourceLoader
2005-07-04 19:23:05,834 - ResourceManager : found sql/base/mysql/drop.vm with loader org.apache.velocity.runtime.resource.loader.ClasspathResourceLoader
2005-07-04 19:23:05,844 - ResourceManager : found sql/base/mysql/columns.vm with loader org.apache.velocity.runtime.resource.loader.ClasspathResourceLoader
2005-07-04 19:23:05,844 - ResourceManager : found sql/base/mysql/primarykey.vm with loader org.apache.velocity.runtime.resource.loader.ClasspathResourceLoader
2005-07-04 19:23:05,854 - ResourceManager : found sql/base/mysql/foreignkey.vm with loader org.apache.velocity.runtime.resource.loader.ClasspathResourceLoader
2005-07-04 19:23:05,854 - ResourceManager : found sql/base/mysql/unique.vm with loader org.apache.velocity.runtime.resource.loader.ClasspathResourceLoader
2005-07-04 19:23:05,854 - ResourceManager : found sql/base/mysql/index.vm with loader org.apache.velocity.runtime.resource.loader.ClasspathResourceLoader
2005-07-04 19:23:05,864 - ResourceManager : found sql/base/mysql/table.vm with loader org.apache.velocity.runtime.resource.loader.ClasspathResourceLoader
2005-07-04 19:23:05,864 - ResourceManager : found sql/base/mysql/drop.vm with loader org.apache.velocity.runtime.resource.loader.ClasspathResourceLoader
2005-07-04 19:23:05,874 - ResourceManager : found sql/base/mysql/columns.vm with loader org.apache.velocity.runtime.resource.loader.ClasspathResourceLoader
2005-07-04 19:23:05,874 - ResourceManager : found sql/base/mysql/primarykey.vm with loader org.apache.velocity.runtime.resource.loader.ClasspathResourceLoader
2005-07-04 19:23:05,874 - ResourceManager : found sql/base/mysql/foreignkey.vm with loader org.apache.velocity.runtime.resource.loader.ClasspathResourceLoader
2005-07-04 19:23:05,874 - ResourceManager : found sql/base/mysql/unique.vm with loader org.apache.velocity.runtime.resource.loader.ClasspathResourceLoader
2005-07-04 19:23:05,884 - ResourceManager : found sql/base/mysql/index.vm with loader org.apache.velocity.runtime.resource.loader.ClasspathResourceLoader
2005-07-04 19:23:05,884 - ResourceManager : found sql/base/mysql/table.vm with loader org.apache.velocity.runtime.resource.loader.ClasspathResourceLoader
2005-07-04 19:23:05,894 - ResourceManager : found sql/base/mysql/drop.vm with loader org.apache.velocity.runtime.resource.loader.ClasspathResourceLoader
2005-07-04 19:23:05,894 - ResourceManager : found sql/base/mysql/columns.vm with loader org.apache.velocity.runtime.resource.loader.ClasspathResourceLoader
2005-07-04 19:23:05,904 - ResourceManager : found sql/base/mysql/primarykey.vm with loader org.apache.velocity.runtime.resource.loader.ClasspathResourceLoader
2005-07-04 19:23:05,904 - ResourceManager : found sql/base/mysql/foreignkey.vm with loader org.apache.velocity.runtime.resource.loader.ClasspathResourceLoader
2005-07-04 19:23:05,904 - ResourceManager : found sql/base/mysql/unique.vm with loader org.apache.velocity.runtime.resource.loader.ClasspathResourceLoader
2005-07-04 19:23:05,904 - ResourceManager : found sql/base/mysql/index.vm with loader org.apache.velocity.runtime.resource.loader.ClasspathResourceLoader
2005-07-04 19:23:05,914 - ResourceManager : found sql/base/mysql/table.vm with loader org.apache.velocity.runtime.resource.loader.ClasspathResourceLoader
2005-07-04 19:23:05,914 - ResourceManager : found sql/base/mysql/drop.vm with loader org.apache.velocity.runtime.resource.loader.ClasspathResourceLoader
2005-07-04 19:23:05,914 - ResourceManager : found sql/base/mysql/columns.vm with loader org.apache.velocity.runtime.resource.loader.ClasspathResourceLoader
2005-07-04 19:23:05,924 - ResourceManager : found sql/base/mysql/primarykey.vm with loader org.apache.velocity.runtime.resource.loader.ClasspathResourceLoader
2005-07-04 19:23:05,934 - ResourceManager : found sql/base/mysql/foreignkey.vm with loader org.apache.velocity.runtime.resource.loader.ClasspathResourceLoader
2005-07-04 19:23:05,934 - ResourceManager : found sql/base/mysql/unique.vm with loader org.apache.velocity.runtime.resource.loader.ClasspathResourceLoader
2005-07-04 19:23:05,934 - ResourceManager : found sql/base/mysql/index.vm with loader org.apache.velocity.runtime.resource.loader.ClasspathResourceLoader
2005-07-04 19:23:05,944 - ResourceManager : found sql/base/mysql/table.vm with loader org.apache.velocity.runtime.resource.loader.ClasspathResourceLoader
2005-07-04 19:23:05,944 - ResourceManager : found sql/base/mysql/drop.vm with loader org.apache.velocity.runtime.resource.loader.ClasspathResourceLoader
2005-07-04 19:23:05,944 - ResourceManager : found sql/base/mysql/columns.vm with loader org.apache.velocity.runtime.resource.loader.ClasspathResourceLoader
2005-07-04 19:23:05,954 - ResourceManager : found sql/base/mysql/primarykey.vm with loader org.apache.velocity.runtime.resource.loader.ClasspathResourceLoader
2005-07-04 19:23:05,954 - ResourceManager : found sql/base/mysql/foreignkey.vm with loader org.apache.velocity.runtime.resource.loader.ClasspathResourceLoader
2005-07-04 19:23:05,964 - ResourceManager : found sql/base/mysql/unique.vm with loader org.apache.velocity.runtime.resource.loader.ClasspathResourceLoader
2005-07-04 19:23:05,964 - ResourceManager : found sql/base/mysql/index.vm with loader org.apache.velocity.runtime.resource.loader.ClasspathResourceLoader
2005-07-04 19:23:05,964 - ResourceManager : found sql/base/mysql/table.vm with loader org.apache.velocity.runtime.resource.loader.ClasspathResourceLoader
2005-07-04 19:23:05,974 - ResourceManager : found sql/base/mysql/drop.vm with loader org.apache.velocity.runtime.resource.loader.ClasspathResourceLoader
2005-07-04 19:23:05,974 - ResourceManager : found sql/base/mysql/columns.vm with loader org.apache.velocity.runtime.resource.loader.ClasspathResourceLoader
2005-07-04 19:23:05,974 - ResourceManager : found sql/base/mysql/primarykey.vm with loader org.apache.velocity.runtime.resource.loader.ClasspathResourceLoader
2005-07-04 19:23:05,984 - ResourceManager : found sql/base/mysql/foreignkey.vm with loader org.apache.velocity.runtime.resource.loader.ClasspathResourceLoader
2005-07-04 19:23:05,984 - ResourceManager : found sql/base/mysql/unique.vm with loader org.apache.velocity.runtime.resource.loader.ClasspathResourceLoader
2005-07-04 19:23:05,984 - ResourceManager : found sql/base/mysql/index.vm with loader org.apache.velocity.runtime.resource.loader.ClasspathResourceLoader
2005-07-04 19:23:05,994 - ResourceManager : found sql/base/mysql/table.vm with loader org.apache.velocity.runtime.resource.loader.ClasspathResourceLoader
2005-07-04 19:23:05,994 - ResourceManager : found sql/base/mysql/drop.vm with loader org.apache.velocity.runtime.resource.loader.ClasspathResourceLoader
2005-07-04 19:23:06,004 - ResourceManager : found sql/base/mysql/columns.vm with loader org.apache.velocity.runtime.resource.loader.ClasspathResourceLoader
2005-07-04 19:23:06,004 - ResourceManager : found sql/base/mysql/primarykey.vm with loader org.apache.velocity.runtime.resource.loader.ClasspathResourceLoader
2005-07-04 19:23:06,004 - ResourceManager : found sql/base/mysql/foreignkey.vm with loader org.apache.velocity.runtime.resource.loader.ClasspathResourceLoader
2005-07-04 19:23:06,014 - ResourceManager : found sql/base/mysql/unique.vm with loader org.apache.velocity.runtime.resource.loader.ClasspathResourceLoader
2005-07-04 19:23:06,014 - ResourceManager : found sql/base/mysql/index.vm with loader org.apache.velocity.runtime.resource.loader.ClasspathResourceLoader
2005-07-04 19:23:06,024 - ResourceManager : found sql/base/mysql/table.vm with loader org.apache.velocity.runtime.resource.loader.ClasspathResourceLoader
2005-07-04 19:23:06,024 - ResourceManager : found sql/base/mysql/drop.vm with loader org.apache.velocity.runtime.resource.loader.ClasspathResourceLoader
2005-07-04 19:23:06,024 - ResourceManager : found sql/base/mysql/columns.vm with loader org.apache.velocity.runtime.resource.loader.ClasspathResourceLoader
2005-07-04 19:23:06,034 - ResourceManager : found sql/base/mysql/primarykey.vm with loader org.apache.velocity.runtime.resource.loader.ClasspathResourceLoader
2005-07-04 19:23:06,034 - ResourceManager : found sql/base/mysql/foreignkey.vm with loader org.apache.velocity.runtime.resource.loader.ClasspathResourceLoader
2005-07-04 19:23:06,034 - ResourceManager : found sql/base/mysql/unique.vm with loader org.apache.velocity.runtime.resource.loader.ClasspathResourceLoader
2005-07-04 19:23:06,044 - ResourceManager : found sql/base/mysql/index.vm with loader org.apache.velocity.runtime.resource.loader.ClasspathResourceLoader
2005-07-04 19:23:06,044 - ResourceManager : found sql/base/mysql/table.vm with loader org.apache.velocity.runtime.resource.loader.ClasspathResourceLoader
2005-07-04 19:23:06,044 - ResourceManager : found sql/base/mysql/drop.vm with loader org.apache.velocity.runtime.resource.loader.ClasspathResourceLoader
2005-07-04 19:23:06,064 - ResourceManager : found sql/base/mysql/columns.vm with loader org.apache.velocity.runtime.resource.loader.ClasspathResourceLoader
2005-07-04 19:23:06,064 - ResourceManager : found sql/base/mysql/primarykey.vm with loader org.apache.velocity.runtime.resource.loader.ClasspathResourceLoader
2005-07-04 19:23:06,074 - ResourceManager : found sql/base/mysql/foreignkey.vm with loader org.apache.velocity.runtime.resource.loader.ClasspathResourceLoader
2005-07-04 19:23:06,074 - ResourceManager : found sql/base/mysql/unique.vm with loader org.apache.velocity.runtime.resource.loader.ClasspathResourceLoader
2005-07-04 19:23:06,074 - ResourceManager : found sql/base/mysql/index.vm with loader org.apache.velocity.runtime.resource.loader.ClasspathResourceLoader
2005-07-04 19:23:06,154 - ResourceManager : found sql/base/mysql/table.vm with loader org.apache.velocity.runtime.resource.loader.ClasspathResourceLoader
2005-07-04 19:23:06,154 - ResourceManager : found sql/base/mysql/drop.vm with loader org.apache.velocity.runtime.resource.loader.ClasspathResourceLoader
2005-07-04 19:23:06,164 - ResourceManager : found sql/base/mysql/columns.vm with loader org.apache.velocity.runtime.resource.loader.ClasspathResourceLoader
2005-07-04 19:23:06,174 - ResourceManager : found sql/base/mysql/primarykey.vm with loader org.apache.velocity.runtime.resource.loader.ClasspathResourceLoader
2005-07-04 19:23:06,174 - ResourceManager : found sql/base/mysql/foreignkey.vm with loader org.apache.velocity.runtime.resource.loader.ClasspathResourceLoader
2005-07-04 19:23:06,184 - ResourceManager : found sql/base/mysql/unique.vm with loader org.apache.velocity.runtime.resource.loader.ClasspathResourceLoader
2005-07-04 19:23:06,184 - ResourceManager : found sql/base/mysql/index.vm with loader org.apache.velocity.runtime.resource.loader.ClasspathResourceLoader
2005-07-04 19:23:06,184 - ResourceManager : found sql/base/mysql/table.vm with loader org.apache.velocity.runtime.resource.loader.ClasspathResourceLoader
2005-07-04 19:23:06,194 - ResourceManager : found sql/base/mysql/drop.vm with loader org.apache.velocity.runtime.resource.loader.ClasspathResourceLoader
2005-07-04 19:23:06,194 - ResourceManager : found sql/base/mysql/columns.vm with loader org.apache.velocity.runtime.resource.loader.ClasspathResourceLoader
2005-07-04 19:23:06,194 - ResourceManager : found sql/base/mysql/primarykey.vm with loader org.apache.velocity.runtime.resource.loader.ClasspathResourceLoader
2005-07-04 19:23:06,204 - ResourceManager : found sql/base/mysql/foreignkey.vm with loader org.apache.velocity.runtime.resource.loader.ClasspathResourceLoader
2005-07-04 19:23:06,204 - ResourceManager : found sql/base/mysql/unique.vm with loader org.apache.velocity.runtime.resource.loader.ClasspathResourceLoader
2005-07-04 19:23:06,204 - ResourceManager : found sql/base/mysql/index.vm with loader org.apache.velocity.runtime.resource.loader.ClasspathResourceLoader
2005-07-04 19:23:06,214 - ResourceManager : found sql/base/mysql/table.vm with loader org.apache.velocity.runtime.resource.loader.ClasspathResourceLoader
2005-07-04 19:23:06,214 - ResourceManager : found sql/base/mysql/drop.vm with loader org.apache.velocity.runtime.resource.loader.ClasspathResourceLoader
2005-07-04 19:23:06,214 - ResourceManager : found sql/base/mysql/columns.vm with loader org.apache.velocity.runtime.resource.loader.ClasspathResourceLoader
2005-07-04 19:23:06,224 - ResourceManager : found sql/base/mysql/primarykey.vm with loader org.apache.velocity.runtime.resource.loader.ClasspathResourceLoader
2005-07-04 19:23:06,224 - ResourceManager : found sql/base/mysql/foreignkey.vm with loader org.apache.velocity.runtime.resource.loader.ClasspathResourceLoader
2005-07-04 19:23:06,234 - ResourceManager : found sql/base/mysql/unique.vm with loader org.apache.velocity.runtime.resource.loader.ClasspathResourceLoader
2005-07-04 19:23:06,234 - ResourceManager : found sql/base/mysql/index.vm with loader org.apache.velocity.runtime.resource.loader.ClasspathResourceLoader
2005-07-04 19:23:06,234 - ResourceManager : found sql/base/mysql/table.vm with loader org.apache.velocity.runtime.resource.loader.ClasspathResourceLoader
2005-07-04 19:23:06,245 - ResourceManager : found sql/base/mysql/drop.vm with loader org.apache.velocity.runtime.resource.loader.ClasspathResourceLoader
2005-07-04 19:23:06,255 - ResourceManager : found sql/base/mysql/columns.vm with loader org.apache.velocity.runtime.resource.loader.ClasspathResourceLoader
2005-07-04 19:23:06,255 - ResourceManager : found sql/base/mysql/primarykey.vm with loader org.apache.velocity.runtime.resource.loader.ClasspathResourceLoader
2005-07-04 19:23:06,265 - ResourceManager : found sql/base/mysql/foreignkey.vm with loader org.apache.velocity.runtime.resource.loader.ClasspathResourceLoader
2005-07-04 19:23:06,265 - ResourceManager : found sql/base/mysql/unique.vm with loader org.apache.velocity.runtime.resource.loader.ClasspathResourceLoader
2005-07-04 19:23:06,265 - ResourceManager : found sql/base/mysql/index.vm with loader org.apache.velocity.runtime.resource.loader.ClasspathResourceLoader
2005-07-04 19:23:06,275 - ResourceManager : found sql/base/mysql/table.vm with loader org.apache.velocity.runtime.resource.loader.ClasspathResourceLoader
2005-07-04 19:23:06,275 - ResourceManager : found sql/base/mysql/drop.vm with loader org.apache.velocity.runtime.resource.loader.ClasspathResourceLoader
2005-07-04 19:23:06,285 - ResourceManager : found sql/base/mysql/columns.vm with loader org.apache.velocity.runtime.resource.loader.ClasspathResourceLoader
2005-07-04 19:23:06,285 - ResourceManager : found sql/base/mysql/primarykey.vm with loader org.apache.velocity.runtime.resource.loader.ClasspathResourceLoader
2005-07-04 19:23:06,285 - ResourceManager : found sql/base/mysql/foreignkey.vm with loader org.apache.velocity.runtime.resource.loader.ClasspathResourceLoader
2005-07-04 19:23:06,295 - ResourceManager : found sql/base/mysql/unique.vm with loader org.apache.velocity.runtime.resource.loader.ClasspathResourceLoader
2005-07-04 19:23:06,295 - ResourceManager : found sql/base/mysql/index.vm with loader org.apache.velocity.runtime.resource.loader.ClasspathResourceLoader
2005-07-04 19:23:06,305 - ResourceManager : found sql/base/mysql/table.vm with loader org.apache.velocity.runtime.resource.loader.ClasspathResourceLoader
2005-07-04 19:23:06,305 - ResourceManager : found sql/base/mysql/drop.vm with loader org.apache.velocity.runtime.resource.loader.ClasspathResourceLoader
2005-07-04 19:23:06,305 - ResourceManager : found sql/base/mysql/columns.vm with loader org.apache.velocity.runtime.resource.loader.ClasspathResourceLoader
2005-07-04 19:23:06,305 - ResourceManager : found sql/base/mysql/primarykey.vm with loader org.apache.velocity.runtime.resource.loader.ClasspathResourceLoader
2005-07-04 19:23:06,315 - ResourceManager : found sql/base/mysql/foreignkey.vm with loader org.apache.velocity.runtime.resource.loader.ClasspathResourceLoader
2005-07-04 19:23:06,315 - ResourceManager : found sql/base/mysql/unique.vm with loader org.apache.velocity.runtime.resource.loader.ClasspathResourceLoader
2005-07-04 19:23:06,325 - ResourceManager : found sql/base/mysql/index.vm with loader org.apache.velocity.runtime.resource.loader.ClasspathResourceLoader
2005-07-04 19:23:06,325 - ResourceManager : found sql/base/mysql/table.vm with loader org.apache.velocity.runtime.resource.loader.ClasspathResourceLoader
2005-07-04 19:23:06,325 - ResourceManager : found sql/base/mysql/drop.vm with loader org.apache.velocity.runtime.resource.loader.ClasspathResourceLoader
2005-07-04 19:23:06,335 - ResourceManager : found sql/base/mysql/columns.vm with loader org.apache.velocity.runtime.resource.loader.ClasspathResourceLoader
2005-07-04 19:23:06,335 - ResourceManager : found sql/base/mysql/primarykey.vm with loader org.apache.velocity.runtime.resource.loader.ClasspathResourceLoader
2005-07-04 19:23:06,335 - ResourceManager : found sql/base/mysql/foreignkey.vm with loader org.apache.velocity.runtime.resource.loader.ClasspathResourceLoader
2005-07-04 19:23:06,345 - ResourceManager : found sql/base/mysql/unique.vm with loader org.apache.velocity.runtime.resource.loader.ClasspathResourceLoader
2005-07-04 19:23:06,345 - ResourceManager : found sql/base/mysql/index.vm with loader org.apache.velocity.runtime.resource.loader.ClasspathResourceLoader
2005-07-04 19:23:06,355 - ResourceManager : found sql/base/mysql/tablefk.vm with loader org.apache.velocity.runtime.resource.loader.ClasspathResourceLoader
2005-07-04 19:23:06,355 - ResourceManager : found sql/base/mysql/tablefk.vm with loader org.apache.velocity.runtime.resource.loader.ClasspathResourceLoader
2005-07-04 19:23:06,355 - ResourceManager : found sql/base/mysql/tablefk.vm with loader org.apache.velocity.runtime.resource.loader.ClasspathResourceLoader
2005-07-04 19:23:06,355 - ResourceManager : found sql/base/mysql/tablefk.vm with loader org.apache.velocity.runtime.resource.loader.ClasspathResourceLoader
2005-07-04 19:23:06,355 - ResourceManager : found sql/base/mysql/tablefk.vm with loader org.apache.velocity.runtime.resource.loader.ClasspathResourceLoader
2005-07-04 19:23:06,365 - ResourceManager : found sql/base/mysql/tablefk.vm with loader org.apache.velocity.runtime.resource.loader.ClasspathResourceLoader
2005-07-04 19:23:06,365 - ResourceManager : found sql/base/mysql/tablefk.vm with loader org.apache.velocity.runtime.resource.loader.ClasspathResourceLoader
2005-07-04 19:23:06,365 - ResourceManager : found sql/base/mysql/tablefk.vm with loader org.apache.velocity.runtime.resource.loader.ClasspathResourceLoader
2005-07-04 19:23:06,365 - ResourceManager : found sql/base/mysql/tablefk.vm with loader org.apache.velocity.runtime.resource.loader.ClasspathResourceLoader
2005-07-04 19:23:06,375 - ResourceManager : found sql/base/mysql/tablefk.vm with loader org.apache.velocity.runtime.resource.loader.ClasspathResourceLoader
2005-07-04 19:23:06,375 - ResourceManager : found sql/base/mysql/tablefk.vm with loader org.apache.velocity.runtime.resource.loader.ClasspathResourceLoader
2005-07-04 19:23:06,375 - ResourceManager : found sql/base/mysql/tablefk.vm with loader org.apache.velocity.runtime.resource.loader.ClasspathResourceLoader
2005-07-04 19:23:06,375 - ResourceManager : found sql/base/mysql/tablefk.vm with loader org.apache.velocity.runtime.resource.loader.ClasspathResourceLoader
2005-07-04 19:23:06,385 - ResourceManager : found sql/base/mysql/tablefk.vm with loader org.apache.velocity.runtime.resource.loader.ClasspathResourceLoader
2005-07-04 19:23:06,385 - ResourceManager : found sql/base/mysql/tablefk.vm with loader org.apache.velocity.runtime.resource.loader.ClasspathResourceLoader
2005-07-04 19:23:06,385 - ResourceManager : found sql/base/mysql/tablefk.vm with loader org.apache.velocity.runtime.resource.loader.ClasspathResourceLoader
2005-07-04 19:23:06,395 - ResourceManager : found sql/base/mysql/tablefk.vm with loader org.apache.velocity.runtime.resource.loader.ClasspathResourceLoader
2005-07-04 19:23:06,395 - ResourceManager : found sql/base/mysql/tablefk.vm with loader org.apache.velocity.runtime.resource.loader.ClasspathResourceLoader
2005-07-04 19:23:06,395 - ResourceManager : found sql/base/mysql/tablefk.vm with loader org.apache.velocity.runtime.resource.loader.ClasspathResourceLoader
2005-07-04 19:23:06,395 - ResourceManager : found sql/base/mysql/tablefk.vm with loader org.apache.velocity.runtime.resource.loader.ClasspathResourceLoader
2005-07-04 19:23:06,395 - ResourceManager : found sql/base/mysql/tablefk.vm with loader org.apache.velocity.runtime.resource.loader.ClasspathResourceLoader
2005-07-04 19:23:06,405 - ResourceManager : found sql/base/mysql/tablefk.vm with loader org.apache.velocity.runtime.resource.loader.ClasspathResourceLoader
2005-07-04 19:23:06,405 - ResourceManager : found sql/base/mysql/tablefk.vm with loader org.apache.velocity.runtime.resource.loader.ClasspathResourceLoader
2005-07-04 19:23:06,405 - ResourceManager : found sql/base/mysql/tablefk.vm with loader org.apache.velocity.runtime.resource.loader.ClasspathResourceLoader
2005-07-04 19:23:06,405 - ResourceManager : found sql/base/mysql/tablefk.vm with loader org.apache.velocity.runtime.resource.loader.ClasspathResourceLoader
2005-07-04 19:23:06,415 - ResourceManager : found sql/base/mysql/tablefk.vm with loader org.apache.velocity.runtime.resource.loader.ClasspathResourceLoader
2005-07-04 19:23:06,415 - ResourceManager : found sql/base/mysql/tablefk.vm with loader org.apache.velocity.runtime.resource.loader.ClasspathResourceLoader
2005-07-04 19:23:06,415 - ResourceManager : found sql/base/mysql/tablefk.vm with loader org.apache.velocity.runtime.resource.loader.ClasspathResourceLoader
2005-07-04 19:23:06,415 - ResourceManager : found sql/base/mysql/tablefk.vm with loader org.apache.velocity.runtime.resource.loader.ClasspathResourceLoader
2005-07-04 19:23:06,425 - ResourceManager : found sql/base/mysql/tablefk.vm with loader org.apache.velocity.runtime.resource.loader.ClasspathResourceLoader
2005-07-04 19:23:06,425 - ResourceManager : found sql/base/mysql/tablefk.vm with loader org.apache.velocity.runtime.resource.loader.ClasspathResourceLoader
2005-07-04 19:23:06,425 - ResourceManager : found sql/base/mysql/tablefk.vm with loader org.apache.velocity.runtime.resource.loader.ClasspathResourceLoader
2005-07-04 19:23:06,425 - ResourceManager : found sql/base/mysql/tablefk.vm with loader org.apache.velocity.runtime.resource.loader.ClasspathResourceLoader
2005-07-04 19:23:06,435 - ResourceManager : found sql/base/mysql/tablefk.vm with loader org.apache.velocity.runtime.resource.loader.ClasspathResourceLoader
2005-07-04 19:23:06,435 - ResourceManager : found sql/base/mysql/tablefk.vm with loader org.apache.velocity.runtime.resource.loader.ClasspathResourceLoader
2005-07-04 19:23:06,435 - ResourceManager : found sql/base/mysql/tablefk.vm with loader org.apache.velocity.runtime.resource.loader.ClasspathResourceLoader
2005-07-04 19:23:06,435 - ResourceManager : found sql/base/mysql/tablefk.vm with loader org.apache.velocity.runtime.resource.loader.ClasspathResourceLoader
2005-07-04 19:23:06,445 - ResourceManager : found sql/base/mysql/tablefk.vm with loader org.apache.velocity.runtime.resource.loader.ClasspathResourceLoader
2005-07-04 19:23:06,445 - ResourceManager : found sql/base/mysql/tablefk.vm with loader org.apache.velocity.runtime.resource.loader.ClasspathResourceLoader
2005-07-04 19:23:06,445 - ResourceManager : found sql/base/mysql/tablefk.vm with loader org.apache.velocity.runtime.resource.loader.ClasspathResourceLoader
2005-07-04 19:23:06,445 - ResourceManager : found sql/base/mysql/tablefk.vm with loader org.apache.velocity.runtime.resource.loader.ClasspathResourceLoader
2005-07-04 19:23:06,455 - ResourceManager : found sql/base/mysql/table.vm with loader org.apache.velocity.runtime.resource.loader.ClasspathResourceLoader
2005-07-04 19:23:06,455 - ResourceManager : found sql/base/mysql/drop.vm with loader org.apache.velocity.runtime.resource.loader.ClasspathResourceLoader
2005-07-04 19:23:06,465 - ResourceManager : found sql/base/mysql/columns.vm with loader org.apache.velocity.runtime.resource.loader.ClasspathResourceLoader
2005-07-04 19:23:06,465 - ResourceManager : found sql/base/mysql/primarykey.vm with loader org.apache.velocity.runtime.resource.loader.ClasspathResourceLoader
2005-07-04 19:23:06,465 - ResourceManager : found sql/base/mysql/foreignkey.vm with loader org.apache.velocity.runtime.resource.loader.ClasspathResourceLoader
2005-07-04 19:23:06,475 - ResourceManager : found sql/base/mysql/unique.vm with loader org.apache.velocity.runtime.resource.loader.ClasspathResourceLoader
2005-07-04 19:23:06,475 - ResourceManager : found sql/base/mysql/index.vm with loader org.apache.velocity.runtime.resource.loader.ClasspathResourceLoader
2005-07-04 19:23:06,485 - ResourceManager : found sql/base/mysql/table.vm with loader org.apache.velocity.runtime.resource.loader.ClasspathResourceLoader
2005-07-04 19:23:06,485 - ResourceManager : found sql/base/mysql/drop.vm with loader org.apache.velocity.runtime.resource.loader.ClasspathResourceLoader
2005-07-04 19:23:06,495 - ResourceManager : found sql/base/mysql/columns.vm with loader org.apache.velocity.runtime.resource.loader.ClasspathResourceLoader
2005-07-04 19:23:06,495 - ResourceManager : found sql/base/mysql/primarykey.vm with loader org.apache.velocity.runtime.resource.loader.ClasspathResourceLoader
2005-07-04 19:23:06,495 - ResourceManager : found sql/base/mysql/foreignkey.vm with loader org.apache.velocity.runtime.resource.loader.ClasspathResourceLoader
2005-07-04 19:23:06,505 - ResourceManager : found sql/base/mysql/unique.vm with loader org.apache.velocity.runtime.resource.loader.ClasspathResourceLoader
2005-07-04 19:23:06,505 - ResourceManager : found sql/base/mysql/index.vm with loader org.apache.velocity.runtime.resource.loader.ClasspathResourceLoader
2005-07-04 19:23:06,515 - ResourceManager : found sql/base/mysql/table.vm with loader org.apache.velocity.runtime.resource.loader.ClasspathResourceLoader
2005-07-04 19:23:06,515 - ResourceManager : found sql/base/mysql/drop.vm with loader org.apache.velocity.runtime.resource.loader.ClasspathResourceLoader
2005-07-04 19:23:06,515 - ResourceManager : found sql/base/mysql/columns.vm with loader org.apache.velocity.runtime.resource.loader.ClasspathResourceLoader
2005-07-04 19:23:06,515 - ResourceManager : found sql/base/mysql/primarykey.vm with loader org.apache.velocity.runtime.resource.loader.ClasspathResourceLoader
2005-07-04 19:23:06,525 - ResourceManager : found sql/base/mysql/foreignkey.vm with loader org.apache.velocity.runtime.resource.loader.ClasspathResourceLoader
2005-07-04 19:23:06,525 - ResourceManager : found sql/base/mysql/unique.vm with loader org.apache.velocity.runtime.resource.loader.ClasspathResourceLoader
2005-07-04 19:23:06,525 - ResourceManager : found sql/base/mysql/index.vm with loader org.apache.velocity.runtime.resource.loader.ClasspathResourceLoader
2005-07-04 19:23:06,535 - ResourceManager : found sql/base/mysql/table.vm with loader org.apache.velocity.runtime.resource.loader.ClasspathResourceLoader
2005-07-04 19:23:06,535 - ResourceManager : found sql/base/mysql/drop.vm with loader org.apache.velocity.runtime.resource.loader.ClasspathResourceLoader
2005-07-04 19:23:06,545 - ResourceManager : found sql/base/mysql/columns.vm with loader org.apache.velocity.runtime.resource.loader.ClasspathResourceLoader
2005-07-04 19:23:06,545 - ResourceManager : found sql/base/mysql/primarykey.vm with loader org.apache.velocity.runtime.resource.loader.ClasspathResourceLoader
2005-07-04 19:23:06,545 - ResourceManager : found sql/base/mysql/foreignkey.vm with loader org.apache.velocity.runtime.resource.loader.ClasspathResourceLoader
2005-07-04 19:23:06,545 - ResourceManager : found sql/base/mysql/unique.vm with loader org.apache.velocity.runtime.resource.loader.ClasspathResourceLoader
2005-07-04 19:23:06,555 - ResourceManager : found sql/base/mysql/index.vm with loader org.apache.velocity.runtime.resource.loader.ClasspathResourceLoader
2005-07-04 19:23:06,555 - ResourceManager : found sql/base/mysql/table.vm with loader org.apache.velocity.runtime.resource.loader.ClasspathResourceLoader
2005-07-04 19:23:06,565 - ResourceManager : found sql/base/mysql/drop.vm with loader org.apache.velocity.runtime.resource.loader.ClasspathResourceLoader
2005-07-04 19:23:06,565 - ResourceManager : found sql/base/mysql/columns.vm with loader org.apache.velocity.runtime.resource.loader.ClasspathResourceLoader
2005-07-04 19:23:06,575 - ResourceManager : found sql/base/mysql/primarykey.vm with loader org.apache.velocity.runtime.resource.loader.ClasspathResourceLoader
2005-07-04 19:23:06,575 - ResourceManager : found sql/base/mysql/foreignkey.vm with loader org.apache.velocity.runtime.resource.loader.ClasspathResourceLoader
2005-07-04 19:23:06,575 - ResourceManager : found sql/base/mysql/unique.vm with loader org.apache.velocity.runtime.resource.loader.ClasspathResourceLoader
2005-07-04 19:23:06,585 - ResourceManager : found sql/base/mysql/index.vm with loader org.apache.velocity.runtime.resource.loader.ClasspathResourceLoader
2005-07-04 19:23:06,585 - ResourceManager : found sql/base/mysql/table.vm with loader org.apache.velocity.runtime.resource.loader.ClasspathResourceLoader
2005-07-04 19:23:06,595 - ResourceManager : found sql/base/mysql/drop.vm with loader org.apache.velocity.runtime.resource.loader.ClasspathResourceLoader
2005-07-04 19:23:06,595 - ResourceManager : found sql/base/mysql/columns.vm with loader org.apache.velocity.runtime.resource.loader.ClasspathResourceLoader
2005-07-04 19:23:06,605 - ResourceManager : found sql/base/mysql/primarykey.vm with loader org.apache.velocity.runtime.resource.loader.ClasspathResourceLoader
2005-07-04 19:23:06,605 - ResourceManager : found sql/base/mysql/foreignkey.vm with loader org.apache.velocity.runtime.resource.loader.ClasspathResourceLoader
2005-07-04 19:23:06,605 - ResourceManager : found sql/base/mysql/unique.vm with loader org.apache.velocity.runtime.resource.loader.ClasspathResourceLoader
2005-07-04 19:23:06,605 - ResourceManager : found sql/base/mysql/index.vm with loader org.apache.velocity.runtime.resource.loader.ClasspathResourceLoader
2005-07-04 19:23:06,615 - ResourceManager : found sql/base/mysql/tablefk.vm with loader org.apache.velocity.runtime.resource.loader.ClasspathResourceLoader
2005-07-04 19:23:06,615 - ResourceManager : found sql/base/mysql/tablefk.vm with loader org.apache.velocity.runtime.resource.loader.ClasspathResourceLoader
2005-07-04 19:23:06,615 - ResourceManager : found sql/base/mysql/tablefk.vm with loader org.apache.velocity.runtime.resource.loader.ClasspathResourceLoader
2005-07-04 19:23:06,615 - ResourceManager : found sql/base/mysql/tablefk.vm with loader org.apache.velocity.runtime.resource.loader.ClasspathResourceLoader
2005-07-04 19:23:06,625 - ResourceManager : found sql/base/mysql/tablefk.vm with loader org.apache.velocity.runtime.resource.loader.ClasspathResourceLoader
2005-07-04 19:23:06,625 - ResourceManager : found sql/base/mysql/tablefk.vm with loader org.apache.velocity.runtime.resource.loader.ClasspathResourceLoader
